c:\users\admin\source\repos\oboukhovplayer\oboukhovplayer\x64\release\vc143.pdb
c:\users\admin\source\repos\oboukhovplayer\oboukhovplayer\x64\release\qrc_oboukhovplayer.obj
c:\users\admin\source\repos\oboukhovplayer\oboukhovplayer\x64\release\main.obj
c:\users\admin\source\repos\oboukhovplayer\oboukhovplayer\x64\release\oboukhovplayer.obj
c:\users\admin\source\repos\oboukhovplayer\oboukhovplayer\x64\release\moc_oboukhovplayer.obj
c:\users\admin\source\repos\oboukhovplayer\x64\release\oboukhovplayer.exe
c:\users\admin\source\repos\oboukhovplayer\oboukhovplayer\x64\release\qt\moc\moc_oboukhovplayer.cpp
c:\users\admin\source\repos\oboukhovplayer\oboukhovplayer\x64\release\qt\uic\ui_oboukhovplayer.h
c:\users\admin\source\repos\oboukhovplayer\oboukhovplayer\x64\release\qt\rcc\qrc_oboukhovplayer.cpp
c:\users\admin\source\repos\oboukhovplayer\oboukhovplayer\x64\release\oboukhovplayer.ipdb
c:\users\admin\source\repos\oboukhovplayer\oboukhovplayer\x64\release\oboukhovplayer.iobj
c:\users\admin\source\repos\oboukhovplayer\oboukhovplayer\x64\release\oboukhovplayer.tlog\cl.command.1.tlog
c:\users\admin\source\repos\oboukhovplayer\oboukhovplayer\x64\release\oboukhovplayer.tlog\cl.items.tlog
c:\users\admin\source\repos\oboukhovplayer\oboukhovplayer\x64\release\oboukhovplayer.tlog\cl.read.1.tlog
c:\users\admin\source\repos\oboukhovplayer\oboukhovplayer\x64\release\oboukhovplayer.tlog\cl.write.1.tlog
c:\users\admin\source\repos\oboukhovplayer\oboukhovplayer\x64\release\oboukhovplayer.tlog\link.command.1.tlog
c:\users\admin\source\repos\oboukhovplayer\oboukhovplayer\x64\release\oboukhovplayer.tlog\link.read.1.tlog
c:\users\admin\source\repos\oboukhovplayer\oboukhovplayer\x64\release\oboukhovplayer.tlog\link.secondary.1.tlog
c:\users\admin\source\repos\oboukhovplayer\oboukhovplayer\x64\release\oboukhovplayer.tlog\link.write.1.tlog
c:\users\admin\source\repos\oboukhovplayer\oboukhovplayer\x64\release\oboukhovplayer.tlog\moc.read.1u.tlog
c:\users\admin\source\repos\oboukhovplayer\oboukhovplayer\x64\release\oboukhovplayer.tlog\moc.write.1u.tlog
c:\users\admin\source\repos\oboukhovplayer\oboukhovplayer\x64\release\oboukhovplayer.tlog\oboukhovplayer.write.1u.tlog
c:\users\admin\source\repos\oboukhovplayer\oboukhovplayer\x64\release\oboukhovplayer.tlog\rcc.read.1u.tlog
c:\users\admin\source\repos\oboukhovplayer\oboukhovplayer\x64\release\oboukhovplayer.tlog\rcc.write.1u.tlog
c:\users\admin\source\repos\oboukhovplayer\oboukhovplayer\x64\release\oboukhovplayer.tlog\uic.read.1u.tlog
c:\users\admin\source\repos\oboukhovplayer\oboukhovplayer\x64\release\oboukhovplayer.tlog\uic.write.1u.tlog
